<?xml version="1.0" encoding="UTF-8"?>
<!-- Generated by org.testng.reporters.JUnitReportReporter -->
<testsuite hostname="rupjit-laptop" failures="0" tests="1" name="selenium_basic.open_google" time="27.417" errors="0" timestamp="2022-10-18T20:31:25 IST" skipped="0">
  <testcase classname="selenium_basic.open_google" name="movieDetails" time="27.417"/>
  <system-out/>
</testsuite> <!-- selenium_basic.open_google -->
